Arguments: 
  C:\Program Files\nodejs\node.exe C:\Users\joans\AppData\Roaming\npm\node_modules\yarn\bin\yarn.js add mine-types

PATH: 
  C:\Program Files (x86)\Common Files\Oracle\Java\javapath;C:\Program Files (x86)\VMware\VMware Player\bin\;C:\Windows\system32;C:\Windows;C:\Windows\System32\Wbem;C:\Windows\System32\WindowsPowerShell\v1.0\;C:\Windows\System32\OpenSSH\;C:\Program Files (x86)\NVIDIA Corporation\PhysX\Common;C:\Program Files\NVIDIA Corporation\NVIDIA NvDLISR;C:\WINDOWS\system32;C:\WINDOWS;C:\WINDOWS\System32\Wbem;C:\WINDOWS\System32\WindowsPowerShell\v1.0\;C:\WINDOWS\System32\OpenSSH\;C:\Program Files\Microsoft SQL Server\150\Tools\Binn\;C:\Program Files\Microsoft SQL Server\Client SDK\ODBC\170\Tools\Binn\;C:\Program Files\dotnet\;C:\Program Files\nodejs\;C:\Program Files\Git\cmd;C:\Program Files\Git\mingw64\bin;C:\Program Files\Git\usr\bin;C:\Users\joans\.console-ninja\.bin;C:\Users\joans\AppData\Local\Programs\Python\Python311\Scripts\;C:\Users\joans\AppData\Local\Programs\Python\Python311\;C:\Users\joans\AppData\Local\Microsoft\WindowsApps;C:\Users\joans\.dotnet\tools;C:\Users\joans\AppData\Local\Programs\Microsoft VS Code\bin;C:\Users\joans\AppData\Roaming\npm;C:\Users\joans\AppData\Local\GitHubDesktop\bin;C:\Program Files\Graphvizv7.1.0\bin;C:\Program Files\MongoDB\Server\7.0\bin;C:\Program Files\mongosh-1.10.6-win32-x64\mongosh-1.10.6-win32-x64\bin;

Yarn version: 
  1.22.19

Node version: 
  18.17.1

Platform: 
  win32 x64

Trace: 
  Error: https://registry.yarnpkg.com/mine-types: Not found
      at params.callback [as _callback] (C:\Users\joans\AppData\Roaming\npm\node_modules\yarn\lib\cli.js:66145:18)
      at self.callback (C:\Users\joans\AppData\Roaming\npm\node_modules\yarn\lib\cli.js:140890:22)
      at Request.emit (node:events:514:28)
      at Request.<anonymous> (C:\Users\joans\AppData\Roaming\npm\node_modules\yarn\lib\cli.js:141862:10)
      at Request.emit (node:events:514:28)
      at IncomingMessage.<anonymous> (C:\Users\joans\AppData\Roaming\npm\node_modules\yarn\lib\cli.js:141784:12)
      at Object.onceWrapper (node:events:628:28)
      at IncomingMessage.emit (node:events:526:35)
      at endReadableNT (node:internal/streams/readable:1359:12)
      at process.processTicksAndRejections (node:internal/process/task_queues:82:21)

npm manifest: 
  {
    "name": "comp229-m2022-week2",
    "version": "0.0.1",
    "description": "demo project for comp229 in the M2022 semenster at Centennial College",
    "main": "server.js",
    "author": "Joan Suaverdez",
    "license": "MIT"
  }

yarn manifest: 
  No manifest

Lockfile: 
  No lockfile
